{"level":"error","message":"validateCustomer is not a function validateCustomer is not a function","stack":"TypeError: validateCustomer is not a function\n    at C:\\Users\\HOPE\\vidly\\routes\\customer.js:44:27\n    at Layer.handle [as handle_request] (C:\\Users\\HOPE\\vidly\\node_modules\\express\\lib\\router\\layer.js:95:5)\n    at next (C:\\Users\\HOPE\\vidly\\node_modules\\express\\lib\\router\\route.js:144:13)\n    at Route.dispatch (C:\\Users\\HOPE\\vidly\\node_modules\\express\\lib\\router\\route.js:114:3)\n    at Layer.handle [as handle_request] (C:\\Users\\HOPE\\vidly\\node_modules\\express\\lib\\router\\layer.js:95:5)\n    at C:\\Users\\HOPE\\vidly\\node_modules\\express\\lib\\router\\index.js:284:15\n    at Function.process_params (C:\\Users\\HOPE\\vidly\\node_modules\\express\\lib\\router\\index.js:346:12)\n    at next (C:\\Users\\HOPE\\vidly\\node_modules\\express\\lib\\router\\index.js:280:10)\n    at Function.handle (C:\\Users\\HOPE\\vidly\\node_modules\\express\\lib\\router\\index.js:175:3)\n    at router (C:\\Users\\HOPE\\vidly\\node_modules\\express\\lib\\router\\index.js:47:12)"}
{"level":"error","message":"validateCustomer is not a function validateCustomer is not a function","stack":"TypeError: validateCustomer is not a function\n    at C:\\Users\\HOPE\\vidly\\routes\\customer.js:44:27\n    at Layer.handle [as handle_request] (C:\\Users\\HOPE\\vidly\\node_modules\\express\\lib\\router\\layer.js:95:5)\n    at next (C:\\Users\\HOPE\\vidly\\node_modules\\express\\lib\\router\\route.js:144:13)\n    at Route.dispatch (C:\\Users\\HOPE\\vidly\\node_modules\\express\\lib\\router\\route.js:114:3)\n    at Layer.handle [as handle_request] (C:\\Users\\HOPE\\vidly\\node_modules\\express\\lib\\router\\layer.js:95:5)\n    at C:\\Users\\HOPE\\vidly\\node_modules\\express\\lib\\router\\index.js:284:15\n    at Function.process_params (C:\\Users\\HOPE\\vidly\\node_modules\\express\\lib\\router\\index.js:346:12)\n    at next (C:\\Users\\HOPE\\vidly\\node_modules\\express\\lib\\router\\index.js:280:10)\n    at Function.handle (C:\\Users\\HOPE\\vidly\\node_modules\\express\\lib\\router\\index.js:175:3)\n    at router (C:\\Users\\HOPE\\vidly\\node_modules\\express\\lib\\router\\index.js:47:12)"}
{"level":"error","message":"FATAL ERROR FATAL ERROR","stack":"Error: FATAL ERROR\n    at Object.<anonymous> (C:\\Users\\HOPE\\vidly\\index.js:28:7)\n    at Module._compile (node:internal/modules/cjs/loader:1105:14)\n    at Object.Module._extensions..js (node:internal/modules/cjs/loader:1159:10)\n    at Module.load (node:internal/modules/cjs/loader:981:32)\n    at Function.Module._load (node:internal/modules/cjs/loader:822:12)\n    at Function.executeUserEntryPoint [as runMain] (node:internal/modules/run_main:77:12)\n    at node:internal/main/run_main_module:17:47"}
{"level":"info","message":"connected to mongodb..."}
{"level":"info","message":"connected to mongodb..."}
{"level":"info","message":"connected to mongodb..."}
{"level":"info","message":"connected to mongodb..."}
{"level":"error","message":"validateCustomer is not a function validateCustomer is not a function","stack":"TypeError: validateCustomer is not a function\n    at C:\\Users\\HOPE\\vidly\\routes\\customer.js:44:27\n    at Layer.handle [as handle_request] (C:\\Users\\HOPE\\vidly\\node_modules\\express\\lib\\router\\layer.js:95:5)\n    at next (C:\\Users\\HOPE\\vidly\\node_modules\\express\\lib\\router\\route.js:144:13)\n    at Route.dispatch (C:\\Users\\HOPE\\vidly\\node_modules\\express\\lib\\router\\route.js:114:3)\n    at Layer.handle [as handle_request] (C:\\Users\\HOPE\\vidly\\node_modules\\express\\lib\\router\\layer.js:95:5)\n    at C:\\Users\\HOPE\\vidly\\node_modules\\express\\lib\\router\\index.js:284:15\n    at Function.process_params (C:\\Users\\HOPE\\vidly\\node_modules\\express\\lib\\router\\index.js:346:12)\n    at next (C:\\Users\\HOPE\\vidly\\node_modules\\express\\lib\\router\\index.js:280:10)\n    at Function.handle (C:\\Users\\HOPE\\vidly\\node_modules\\express\\lib\\router\\index.js:175:3)\n    at router (C:\\Users\\HOPE\\vidly\\node_modules\\express\\lib\\router\\index.js:47:12)"}
{"level":"error","message":"validateCustomer is not a function validateCustomer is not a function","stack":"TypeError: validateCustomer is not a function\n    at C:\\Users\\HOPE\\vidly\\routes\\customer.js:44:27\n    at Layer.handle [as handle_request] (C:\\Users\\HOPE\\vidly\\node_modules\\express\\lib\\router\\layer.js:95:5)\n    at next (C:\\Users\\HOPE\\vidly\\node_modules\\express\\lib\\router\\route.js:144:13)\n    at Route.dispatch (C:\\Users\\HOPE\\vidly\\node_modules\\express\\lib\\router\\route.js:114:3)\n    at Layer.handle [as handle_request] (C:\\Users\\HOPE\\vidly\\node_modules\\express\\lib\\router\\layer.js:95:5)\n    at C:\\Users\\HOPE\\vidly\\node_modules\\express\\lib\\router\\index.js:284:15\n    at Function.process_params (C:\\Users\\HOPE\\vidly\\node_modules\\express\\lib\\router\\index.js:346:12)\n    at next (C:\\Users\\HOPE\\vidly\\node_modules\\express\\lib\\router\\index.js:280:10)\n    at Function.handle (C:\\Users\\HOPE\\vidly\\node_modules\\express\\lib\\router\\index.js:175:3)\n    at router (C:\\Users\\HOPE\\vidly\\node_modules\\express\\lib\\router\\index.js:47:12)"}
{"level":"info","message":"connected to mongodb..."}
{"level":"info","message":"connected to mongodb..."}
{"level":"info","message":"connected to mongodb..."}
{"level":"info","message":"connected to mongodb..."}
{"level":"info","message":"connected to mongodb..."}
{"level":"info","message":"connected to mongodb..."}
{"level":"info","message":"connected to mongodb..."}
{"level":"info","message":"Listening on port 3000..."}
{"level":"info","message":"connected to mongodb..."}
{"level":"info","message":"Listening on port 3000..."}
{"level":"info","message":"connected to mongodb..."}
{"level":"info","message":"Listening on port 3000..."}
{"level":"info","message":"connected to mongodb..."}
{"level":"error","message":"data and salt arguments required data and salt arguments required","stack":"Error: data and salt arguments required\n    at Object.hash (C:\\Users\\HOPE\\vidly\\node_modules\\bcrypt\\bcrypt.js:137:17)\n    at C:\\Users\\HOPE\\vidly\\node_modules\\bcrypt\\promises.js:29:12\n    at new Promise (<anonymous>)\n    at Object.module.exports.promise (C:\\Users\\HOPE\\vidly\\node_modules\\bcrypt\\promises.js:20:12)\n    at Object.hash (C:\\Users\\HOPE\\vidly\\node_modules\\bcrypt\\bcrypt.js:133:25)\n    at C:\\Users\\HOPE\\vidly\\routes\\users.js:29:38"}
{"level":"info","message":"Listening on port 3000..."}
{"level":"info","message":"connected to mongodb://localhost/vidly.."}
{"level":"info","message":"Listening on port 3000..."}
{"level":"info","message":"connected to mongodb://localhost/vidly-test.."}
{"level":"info","message":"Listening on port 3000..."}
{"level":"info","message":"connected to mongodb://localhost/vidly-test.."}
{"level":"info","message":"Listening on port 3000..."}
{"level":"info","message":"connected to mongodb://localhost/vidly-test.."}
{"level":"info","message":"Listening on port 3000..."}
{"level":"info","message":"connected to mongodb://localhost/vidly-test.."}
{"level":"info","message":"Listening on port 3000..."}
{"level":"info","message":"connected to mongodb://localhost/vidly-test.."}
{"level":"info","message":"Listening on port 3000..."}
{"level":"info","message":"connected to mongodb://localhost/vidly-test.."}
{"level":"info","message":"Listening on port 3000..."}
{"level":"info","message":"connected to mongodb://localhost/vidly-test.."}
{"level":"info","message":"Listening on port 3000..."}
{"level":"info","message":"connected to mongodb://localhost/vidly-test.."}
{"level":"info","message":"Listening on port 3000..."}
{"level":"info","message":"connected to mongodb://localhost/vidly-test.."}
{"level":"info","message":"Listening on port 3000..."}
{"level":"info","message":"connected to mongodb://localhost/vidly-test.."}
{"level":"info","message":"Listening on port 3000..."}
{"level":"info","message":"connected to mongodb://localhost/vidly-test.."}
{"level":"info","message":"Listening on port 3000..."}
{"level":"info","message":"connected to mongodb://localhost/vidly-test.."}
{"level":"info","message":"Listening on port 3000..."}
{"level":"info","message":"connected to mongodb://localhost/vidly-test.."}
{"level":"info","message":"Listening on port 3000..."}
{"level":"info","message":"connected to mongodb://localhost/vidly-test.."}
{"level":"info","message":"Listening on port 3000..."}
{"level":"info","message":"connected to mongodb://localhost/vidly-test.."}
{"level":"info","message":"Listening on port 3000..."}
{"level":"info","message":"connected to mongodb://localhost/vidly-test.."}
{"level":"info","message":"Listening on port 3000..."}
{"level":"info","message":"connected to mongodb://localhost/vidly-test.."}
{"level":"info","message":"Listening on port 3000..."}
{"level":"info","message":"connected to mongodb://localhost/vidly-test.."}
{"level":"info","message":"Listening on port 3000..."}
{"level":"info","message":"connected to mongodb://localhost/vidly-test.."}
{"level":"info","message":"Listening on port 3000..."}
{"level":"info","message":"connected to mongodb://localhost/vidly-test.."}
{"level":"info","message":"Listening on port 3000..."}
{"level":"info","message":"connected to mongodb://localhost/vidly-test.."}
{"level":"info","message":"Listening on port 3000..."}
{"level":"info","message":"connected to mongodb://localhost/vidly-test.."}
{"level":"info","message":"Listening on port 3000..."}
{"level":"info","message":"connected to mongodb://localhost/vidly-test.."}
{"level":"info","message":"Listening on port 3000..."}
{"level":"info","message":"connected to mongodb://localhost/vidly-test.."}
{"level":"info","message":"Listening on port 3000..."}
{"level":"info","message":"connected to mongodb://localhost/vidly-test.."}
{"level":"info","message":"Listening on port 3000..."}
{"level":"info","message":"connected to mongodb://localhost/vidly-test.."}
{"level":"info","message":"Listening on port 3000..."}
{"level":"info","message":"connected to mongodb://localhost/vidly.."}
{"level":"error","message":"validateCustomer is not a function validateCustomer is not a function","stack":"TypeError: validateCustomer is not a function\n    at C:\\Users\\HOPE\\vidly\\routes\\customer.js:44:27\n    at Layer.handle [as handle_request] (C:\\Users\\HOPE\\vidly\\node_modules\\express\\lib\\router\\layer.js:95:5)\n    at next (C:\\Users\\HOPE\\vidly\\node_modules\\express\\lib\\router\\route.js:144:13)\n    at Route.dispatch (C:\\Users\\HOPE\\vidly\\node_modules\\express\\lib\\router\\route.js:114:3)\n    at Layer.handle [as handle_request] (C:\\Users\\HOPE\\vidly\\node_modules\\express\\lib\\router\\layer.js:95:5)\n    at C:\\Users\\HOPE\\vidly\\node_modules\\express\\lib\\router\\index.js:284:15\n    at Function.process_params (C:\\Users\\HOPE\\vidly\\node_modules\\express\\lib\\router\\index.js:346:12)\n    at next (C:\\Users\\HOPE\\vidly\\node_modules\\express\\lib\\router\\index.js:280:10)\n    at Function.handle (C:\\Users\\HOPE\\vidly\\node_modules\\express\\lib\\router\\index.js:175:3)\n    at router (C:\\Users\\HOPE\\vidly\\node_modules\\express\\lib\\router\\index.js:47:12)"}
{"level":"error","message":"validateCustomer is not a function validateCustomer is not a function","stack":"TypeError: validateCustomer is not a function\n    at C:\\Users\\HOPE\\vidly\\routes\\customer.js:44:27\n    at Layer.handle [as handle_request] (C:\\Users\\HOPE\\vidly\\node_modules\\express\\lib\\router\\layer.js:95:5)\n    at next (C:\\Users\\HOPE\\vidly\\node_modules\\express\\lib\\router\\route.js:144:13)\n    at Route.dispatch (C:\\Users\\HOPE\\vidly\\node_modules\\express\\lib\\router\\route.js:114:3)\n    at Layer.handle [as handle_request] (C:\\Users\\HOPE\\vidly\\node_modules\\express\\lib\\router\\layer.js:95:5)\n    at C:\\Users\\HOPE\\vidly\\node_modules\\express\\lib\\router\\index.js:284:15\n    at Function.process_params (C:\\Users\\HOPE\\vidly\\node_modules\\express\\lib\\router\\index.js:346:12)\n    at next (C:\\Users\\HOPE\\vidly\\node_modules\\express\\lib\\router\\index.js:280:10)\n    at Function.handle (C:\\Users\\HOPE\\vidly\\node_modules\\express\\lib\\router\\index.js:175:3)\n    at router (C:\\Users\\HOPE\\vidly\\node_modules\\express\\lib\\router\\index.js:47:12)"}
{"level":"info","message":"Listening on port 3000..."}
{"level":"info","message":"connected to mongodb://localhost/vidly.."}
{"level":"error","message":"validateCustomer is not a function validateCustomer is not a function","stack":"TypeError: validateCustomer is not a function\n    at C:\\Users\\HOPE\\vidly\\routes\\customer.js:44:27\n    at Layer.handle [as handle_request] (C:\\Users\\HOPE\\vidly\\node_modules\\express\\lib\\router\\layer.js:95:5)\n    at next (C:\\Users\\HOPE\\vidly\\node_modules\\express\\lib\\router\\route.js:144:13)\n    at Route.dispatch (C:\\Users\\HOPE\\vidly\\node_modules\\express\\lib\\router\\route.js:114:3)\n    at Layer.handle [as handle_request] (C:\\Users\\HOPE\\vidly\\node_modules\\express\\lib\\router\\layer.js:95:5)\n    at C:\\Users\\HOPE\\vidly\\node_modules\\express\\lib\\router\\index.js:284:15\n    at Function.process_params (C:\\Users\\HOPE\\vidly\\node_modules\\express\\lib\\router\\index.js:346:12)\n    at next (C:\\Users\\HOPE\\vidly\\node_modules\\express\\lib\\router\\index.js:280:10)\n    at Function.handle (C:\\Users\\HOPE\\vidly\\node_modules\\express\\lib\\router\\index.js:175:3)\n    at router (C:\\Users\\HOPE\\vidly\\node_modules\\express\\lib\\router\\index.js:47:12)"}
{"level":"error","message":"validateCustomer is not a function validateCustomer is not a function","stack":"TypeError: validateCustomer is not a function\n    at C:\\Users\\HOPE\\vidly\\routes\\customer.js:44:27\n    at Layer.handle [as handle_request] (C:\\Users\\HOPE\\vidly\\node_modules\\express\\lib\\router\\layer.js:95:5)\n    at next (C:\\Users\\HOPE\\vidly\\node_modules\\express\\lib\\router\\route.js:144:13)\n    at Route.dispatch (C:\\Users\\HOPE\\vidly\\node_modules\\express\\lib\\router\\route.js:114:3)\n    at Layer.handle [as handle_request] (C:\\Users\\HOPE\\vidly\\node_modules\\express\\lib\\router\\layer.js:95:5)\n    at C:\\Users\\HOPE\\vidly\\node_modules\\express\\lib\\router\\index.js:284:15\n    at Function.process_params (C:\\Users\\HOPE\\vidly\\node_modules\\express\\lib\\router\\index.js:346:12)\n    at next (C:\\Users\\HOPE\\vidly\\node_modules\\express\\lib\\router\\index.js:280:10)\n    at Function.handle (C:\\Users\\HOPE\\vidly\\node_modules\\express\\lib\\router\\index.js:175:3)\n    at router (C:\\Users\\HOPE\\vidly\\node_modules\\express\\lib\\router\\index.js:47:12)"}
{"level":"info","message":"Listening on port 3000..."}
{"level":"info","message":"connected to mongodb://localhost/vidly.."}
{"level":"error","message":"Cannot access 'Customer' before initialization Cannot access 'Customer' before initialization","stack":"ReferenceError: Cannot access 'Customer' before initialization\n    at C:\\Users\\HOPE\\vidly\\routes\\customer.js:43:24\n    at Layer.handle [as handle_request] (C:\\Users\\HOPE\\vidly\\node_modules\\express\\lib\\router\\layer.js:95:5)\n    at next (C:\\Users\\HOPE\\vidly\\node_modules\\express\\lib\\router\\route.js:144:13)\n    at Route.dispatch (C:\\Users\\HOPE\\vidly\\node_modules\\express\\lib\\router\\route.js:114:3)\n    at Layer.handle [as handle_request] (C:\\Users\\HOPE\\vidly\\node_modules\\express\\lib\\router\\layer.js:95:5)\n    at C:\\Users\\HOPE\\vidly\\node_modules\\express\\lib\\router\\index.js:284:15\n    at Function.process_params (C:\\Users\\HOPE\\vidly\\node_modules\\express\\lib\\router\\index.js:346:12)\n    at next (C:\\Users\\HOPE\\vidly\\node_modules\\express\\lib\\router\\index.js:280:10)\n    at Function.handle (C:\\Users\\HOPE\\vidly\\node_modules\\express\\lib\\router\\index.js:175:3)\n    at router (C:\\Users\\HOPE\\vidly\\node_modules\\express\\lib\\router\\index.js:47:12)"}
{"level":"info","message":"Listening on port 3000..."}
{"level":"info","message":"connected to mongodb://localhost/vidly.."}
{"level":"info","message":"Listening on port 3000..."}
{"level":"info","message":"connected to mongodb://localhost/vidly.."}
{"level":"error","message":"validateCustomer is not a function validateCustomer is not a function","stack":"TypeError: validateCustomer is not a function\n    at C:\\Users\\HOPE\\vidly\\routes\\customer.js:44:27\n    at Layer.handle [as handle_request] (C:\\Users\\HOPE\\vidly\\node_modules\\express\\lib\\router\\layer.js:95:5)\n    at next (C:\\Users\\HOPE\\vidly\\node_modules\\express\\lib\\router\\route.js:144:13)\n    at Route.dispatch (C:\\Users\\HOPE\\vidly\\node_modules\\express\\lib\\router\\route.js:114:3)\n    at Layer.handle [as handle_request] (C:\\Users\\HOPE\\vidly\\node_modules\\express\\lib\\router\\layer.js:95:5)\n    at C:\\Users\\HOPE\\vidly\\node_modules\\express\\lib\\router\\index.js:284:15\n    at Function.process_params (C:\\Users\\HOPE\\vidly\\node_modules\\express\\lib\\router\\index.js:346:12)\n    at next (C:\\Users\\HOPE\\vidly\\node_modules\\express\\lib\\router\\index.js:280:10)\n    at Function.handle (C:\\Users\\HOPE\\vidly\\node_modules\\express\\lib\\router\\index.js:175:3)\n    at router (C:\\Users\\HOPE\\vidly\\node_modules\\express\\lib\\router\\index.js:47:12)"}
